This is pdfTeX, Version 3.141592653-2.6-1.40.26 (TeX Live 2024) (preloaded format=pdflatex 2024.12.18)  22 APR 2025 18:43
entering extended mode
 restricted \write18 enabled.
 %&-line parsing enabled.
**SeminarV2
(./SeminarV2.tex
LaTeX2e <2023-11-01> patch level 1
L3 programming layer <2024-02-20>
(./SeminarV2.cls
Document Class: SeminarV2 1999/01/07 v1.4a Standard LaTeX document class
(/usr/local/texlive/2024/texmf-dist/tex/latex/base/size10.clo
File: size10.clo 2023/05/17 v1.4n Standard LaTeX file (size option)
)
\c@part=\count188
\c@section=\count189
\c@subsection=\count190
\c@subsubsection=\count191
\c@paragraph=\count192
\c@subparagraph=\count193
\c@figure=\count194
\c@table=\count195
\abovecaptionskip=\skip48
\belowcaptionskip=\skip49
\bibindent=\dimen140
)
(/usr/local/texlive/2024/texmf-dist/tex/latex/graphics/graphicx.sty
Package: graphicx 2021/09/16 v1.2d Enhanced LaTeX Graphics (DPC,SPQR)

(/usr/local/texlive/2024/texmf-dist/tex/latex/graphics/keyval.sty
Package: keyval 2022/05/29 v1.15 key=value parser (DPC)
\KV@toks@=\toks17
)
(/usr/local/texlive/2024/texmf-dist/tex/latex/graphics/graphics.sty
Package: graphics 2022/03/10 v1.4e Standard LaTeX Graphics (DPC,SPQR)

(/usr/local/texlive/2024/texmf-dist/tex/latex/graphics/trig.sty
Package: trig 2021/08/11 v1.11 sin cos tan (DPC)
)
(/usr/local/texlive/2024/texmf-dist/tex/latex/graphics-cfg/graphics.cfg
File: graphics.cfg 2016/06/04 v1.11 sample graphics configuration
)
Package graphics Info: Driver file: pdftex.def on input line 107.

(/usr/local/texlive/2024/texmf-dist/tex/latex/graphics-def/pdftex.def
File: pdftex.def 2022/09/22 v1.2b Graphics/color driver for pdftex
))
\Gin@req@height=\dimen141
\Gin@req@width=\dimen142
)
(/usr/local/texlive/2024/texmf-dist/tex/latex/base/inputenc.sty
Package: inputenc 2021/02/14 v1.3d Input encoding file
\inpenc@prehook=\toks18
\inpenc@posthook=\toks19
)
(/usr/local/texlive/2024/texmf-dist/tex/latex/amsfonts/amssymb.sty
Package: amssymb 2013/01/14 v3.01 AMS font symbols

(/usr/local/texlive/2024/texmf-dist/tex/latex/amsfonts/amsfonts.sty
Package: amsfonts 2013/01/14 v3.01 Basic AMSFonts support
\@emptytoks=\toks20
\symAMSa=\mathgroup4
\symAMSb=\mathgroup5
LaTeX Font Info:    Redeclaring math symbol \hbar on input line 98.
LaTeX Font Info:    Overwriting math alphabet `\mathfrak' in version `bold'
(Font)                  U/euf/m/n --> U/euf/b/n on input line 106.
))
(/usr/local/texlive/2024/texmf-dist/tex/latex/amsmath/amsmath.sty
Package: amsmath 2023/05/13 v2.17o AMS math features
\@mathmargin=\skip50

For additional information on amsmath, use the `?' option.
(/usr/local/texlive/2024/texmf-dist/tex/latex/amsmath/amstext.sty
Package: amstext 2021/08/26 v2.01 AMS text

(/usr/local/texlive/2024/texmf-dist/tex/latex/amsmath/amsgen.sty
File: amsgen.sty 1999/11/30 v2.0 generic functions
\@emptytoks=\toks21
\ex@=\dimen143
))
(/usr/local/texlive/2024/texmf-dist/tex/latex/amsmath/amsbsy.sty
Package: amsbsy 1999/11/29 v1.2d Bold Symbols
\pmbraise@=\dimen144
)
(/usr/local/texlive/2024/texmf-dist/tex/latex/amsmath/amsopn.sty
Package: amsopn 2022/04/08 v2.04 operator names
)
\inf@bad=\count196
LaTeX Info: Redefining \frac on input line 234.
\uproot@=\count197
\leftroot@=\count198
LaTeX Info: Redefining \overline on input line 399.
LaTeX Info: Redefining \colon on input line 410.
\classnum@=\count199
\DOTSCASE@=\count266
LaTeX Info: Redefining \ldots on input line 496.
LaTeX Info: Redefining \dots on input line 499.
LaTeX Info: Redefining \cdots on input line 620.
\Mathstrutbox@=\box51
\strutbox@=\box52
LaTeX Info: Redefining \big on input line 722.
LaTeX Info: Redefining \Big on input line 723.
LaTeX Info: Redefining \bigg on input line 724.
LaTeX Info: Redefining \Bigg on input line 725.
\big@size=\dimen145
LaTeX Font Info:    Redeclaring font encoding OML on input line 743.
LaTeX Font Info:    Redeclaring font encoding OMS on input line 744.
\macc@depth=\count267
LaTeX Info: Redefining \bmod on input line 905.
LaTeX Info: Redefining \pmod on input line 910.
LaTeX Info: Redefining \smash on input line 940.
LaTeX Info: Redefining \relbar on input line 970.
LaTeX Info: Redefining \Relbar on input line 971.
\c@MaxMatrixCols=\count268
\dotsspace@=\muskip16
\c@parentequation=\count269
\dspbrk@lvl=\count270
\tag@help=\toks22
\row@=\count271
\column@=\count272
\maxfields@=\count273
\andhelp@=\toks23
\eqnshift@=\dimen146
\alignsep@=\dimen147
\tagshift@=\dimen148
\tagwidth@=\dimen149
\totwidth@=\dimen150
\lineht@=\dimen151
\@envbody=\toks24
\multlinegap=\skip51
\multlinetaggap=\skip52
\mathdisplay@stack=\toks25
LaTeX Info: Redefining \[ on input line 2953.
LaTeX Info: Redefining \] on input line 2954.
)
(/usr/local/texlive/2024/texmf-dist/tex/latex/tools/array.sty
Package: array 2023/10/16 v2.5g Tabular extension package (FMi)
\col@sep=\dimen152
\ar@mcellbox=\box53
\extrarowheight=\dimen153
\NC@list=\toks26
\extratabsurround=\skip53
\backup@length=\skip54
\ar@cellbox=\box54
)
(/usr/local/texlive/2024/texmf-dist/tex/latex/l3backend/l3backend-pdftex.def
File: l3backend-pdftex.def 2024-02-20 L3 backend support: PDF output (pdfTeX)
\l__color_backend_stack_int=\count274
\l__pdf_internal_box=\box55
)
(./SeminarV2.aux)
\openout1 = `SeminarV2.aux'.

LaTeX Font Info:    Checking defaults for OML/cmm/m/it on input line 38.
LaTeX Font Info:    ... okay on input line 38.
LaTeX Font Info:    Checking defaults for OMS/cmsy/m/n on input line 38.
LaTeX Font Info:    ... okay on input line 38.
LaTeX Font Info:    Checking defaults for OT1/cmr/m/n on input line 38.
LaTeX Font Info:    ... okay on input line 38.
LaTeX Font Info:    Checking defaults for T1/cmr/m/n on input line 38.
LaTeX Font Info:    ... okay on input line 38.
LaTeX Font Info:    Checking defaults for TS1/cmr/m/n on input line 38.
LaTeX Font Info:    ... okay on input line 38.
LaTeX Font Info:    Checking defaults for OMX/cmex/m/n on input line 38.
LaTeX Font Info:    ... okay on input line 38.
LaTeX Font Info:    Checking defaults for U/cmr/m/n on input line 38.
LaTeX Font Info:    ... okay on input line 38.

(/usr/local/texlive/2024/texmf-dist/tex/context/base/mkii/supp-pdf.mkii
[Loading MPS to PDF converter (version 2006.09.02).]
\scratchcounter=\count275
\scratchdimen=\dimen154
\scratchbox=\box56
\nofMPsegments=\count276
\nofMParguments=\count277
\everyMPshowfont=\toks27
\MPscratchCnt=\count278
\MPscratchDim=\dimen155
\MPnumerator=\count279
\makeMPintoPDFobject=\count280
\everyMPtoPDFconversion=\toks28
) (/usr/local/texlive/2024/texmf-dist/tex/latex/epstopdf-pkg/epstopdf-base.sty
Package: epstopdf-base 2020-01-24 v2.11 Base part for package epstopdf
Package epstopdf-base Info: Redefining graphics rule for `.eps' on input line 4
85.

(/usr/local/texlive/2024/texmf-dist/tex/latex/latexconfig/epstopdf-sys.cfg
File: epstopdf-sys.cfg 2010/07/13 v1.3 Configuration of (r)epstopdf for TeX Liv
e
))
LaTeX Font Info:    Trying to load font information for U+msa on input line 62.


(/usr/local/texlive/2024/texmf-dist/tex/latex/amsfonts/umsa.fd
File: umsa.fd 2013/01/14 v3.01 AMS symbols A
)
LaTeX Font Info:    Trying to load font information for U+msb on input line 62.


(/usr/local/texlive/2024/texmf-dist/tex/latex/amsfonts/umsb.fd
File: umsb.fd 2013/01/14 v3.01 AMS symbols B
)
Overfull \hbox (10.74768pt too wide) in paragraph at lines 62--62
 [][] 
 []

[1

{/usr/local/texlive/2024/texmf-var/fonts/map/pdftex/updmap/pdftex.map}]
Overfull \hbox (4.87715pt too wide) in paragraph at lines 124--126
\OT1/cmr/m/n/10 Zur Mod-el-lierung der DNA-Histonmodifikation wurde eine C++ Im
-ple-men-tierung
 []


Overfull \hbox (15.5715pt too wide) in paragraph at lines 124--126
\OT1/cmr/m/n/10 nehmen: Das stochastis-che Mod-ell basiert auf einem Markov-Pro
zess, der []Uberg^^?ange
 []


Overfull \hbox (2.08537pt too wide) in paragraph at lines 124--126
\OT1/cmr/m/n/10 zwis-chen f^^?unf m^^?oglichen Zust^^?anden an jeder CpG-Stelle
 beschreibt: Un-methyliert
 []


Overfull \hbox (19.09938pt too wide) in paragraph at lines 124--126
\OT1/cmr/m/n/10 methyliert als auch Histon-modifiziert) und Komplex-gebunden (C
). Diese []Uberg^^?ange
 []


Overfull \hbox (3.89551pt too wide) in paragraph at lines 124--126
\OT1/cmr/m/n/10 stochastis-chen Schritt angewen-det wer-den. Dadurch entsteht e
in hy-brider Ansatz,
 []


Overfull \hbox (27.98811pt too wide) in paragraph at lines 124--126
\OT1/cmr/m/n/10 der sowohl de-ter-min-is-tis-che Nach-barschaft-sregeln als auc
h stochastis-che Ver^^?anderungen
 []

[2]
Overfull \hbox (23.40486pt too wide) in paragraph at lines 135--138
\OT1/cmr/m/n/10 Zeitschrit-ten von 1 Zeit-ein-heit durchgef^^?uhrt, wobei die [
]Ubergangswahrscheinlichkeiten
 []


Overfull \hbox (10.21048pt too wide) in paragraph at lines 139--145
\OT1/cmr/m/n/10 den Zu-griff auf be-nach-barte Stellen, was f^^?ur die kon-di-t
ionalen []Uberg^^?ange notwendig
 []


Overfull \hbox (27.75671pt too wide) in paragraph at lines 139--145
\OT1/cmr/m/n/10 spez-i-fizierten Wahrschein-lichkeiten durchzuf^^?uhren. Die []
Ubergangswahrscheinlichkeiten
 []


Overfull \hbox (10.2659pt too wide) in paragraph at lines 147--149
\OT1/cmr/m/n/10 Die Sim-u-la-tion erm^^?oglicht es, die zeitliche En-twick-lung
 der epi-genetis-chen Zust^^?ande
 []


Overfull \hbox (4.12704pt too wide) in paragraph at lines 150--152
\OT1/cmr/m/n/10 Im n^^?achsten Schritt wurde eine Vi-su-al-isierung mit []Uberg
angswahrscheinlichkeiten
 []


Overfull \hbox (77.89572pt too wide) in paragraph at lines 150--152
\OT1/cmr/m/n/10 aus reellen Daten durchgef^^?uhrt. Die f^^?ur diese Sim-u-la-ti
on gew^^?ahlten []Ubergangswahrscheinlichkeiten
 []

[3] [4{/usr/local/texlive/2024/texmf-dist/fonts/enc/dvips/cm-super/cm-super-ts1
.enc}] [5]
<images/cpg_states_plot.png, id=26, 1156.32pt x 578.16pt>
File: images/cpg_states_plot.png Graphic file (type png)
<use images/cpg_states_plot.png>
Package pdftex.def Info: images/cpg_states_plot.png  used on input line 212.
(pdftex.def)             Requested size: 312.40906pt x 156.20232pt.
<images/cpg_states_plot_fu_1000.png, id=28, 1156.32pt x 578.16pt>
File: images/cpg_states_plot_fu_1000.png Graphic file (type png)
<use images/cpg_states_plot_fu_1000.png>
Package pdftex.def Info: images/cpg_states_plot_fu_1000.png  used on input line
 220.
(pdftex.def)             Requested size: 312.40906pt x 156.20232pt.
<images/cpg_states_plot_fu_100000.png, id=29, 1156.32pt x 578.16pt>
File: images/cpg_states_plot_fu_100000.png Graphic file (type png)
<use images/cpg_states_plot_fu_100000.png>
Package pdftex.def Info: images/cpg_states_plot_fu_100000.png  used on input li
ne 227.
(pdftex.def)             Requested size: 312.40906pt x 156.20232pt.
<images/cpg_states_plot_det.png, id=30, 1156.32pt x 578.16pt>
File: images/cpg_states_plot_det.png Graphic file (type png)
<use images/cpg_states_plot_det.png>
Package pdftex.def Info: images/cpg_states_plot_det.png  used on input line 234
.
(pdftex.def)             Requested size: 312.40906pt x 156.20232pt.
<images/cpg_states_plot_stoch.png, id=31, 1156.32pt x 578.16pt>
File: images/cpg_states_plot_stoch.png Graphic file (type png)
<use images/cpg_states_plot_stoch.png>
Package pdftex.def Info: images/cpg_states_plot_stoch.png  used on input line 2
41.
(pdftex.def)             Requested size: 312.40906pt x 156.20232pt.
<images/Cluster_det.png, id=32, 433.62pt x 289.08pt>
File: images/Cluster_det.png Graphic file (type png)
<use images/Cluster_det.png>
Package pdftex.def Info: images/Cluster_det.png  used on input line 249.
(pdftex.def)             Requested size: 312.40906pt x 208.28299pt.
<images/Cluster_stoch.png, id=33, 433.62pt x 289.08pt>
File: images/Cluster_stoch.png Graphic file (type png)
<use images/Cluster_stoch.png>
Package pdftex.def Info: images/Cluster_stoch.png  used on input line 255.
(pdftex.def)             Requested size: 312.40906pt x 208.28299pt.
<images/Autokor_stoch.png, id=34, 433.62pt x 289.08pt>
File: images/Autokor_stoch.png Graphic file (type png)
<use images/Autokor_stoch.png>
Package pdftex.def Info: images/Autokor_stoch.png  used on input line 263.
(pdftex.def)             Requested size: 312.40906pt x 208.28299pt.
<images/Autokor_det.png, id=35, 433.62pt x 289.08pt>
File: images/Autokor_det.png Graphic file (type png)
<use images/Autokor_det.png>
Package pdftex.def Info: images/Autokor_det.png  used on input line 270.
(pdftex.def)             Requested size: 312.40906pt x 208.28299pt.
 [6] [7 <./images/cpg_states_plot.png> <./images/cpg_states_plot_fu_1000.png>] 
[8 <./images/cpg_states_plot_fu_100000.png> <./images/cpg_states_plot_det.png>]
 [9 <./images/cpg_states_plot_stoch.png> <./images/Cluster_det.png>]
[10 <./images/Cluster_stoch.png> <./images/Autokor_stoch.png>] (./SeminarV2.bbl
) [11 <./images/Autokor_det.png>] (./SeminarV2.aux)
 ***********
LaTeX2e <2023-11-01> patch level 1
L3 programming layer <2024-02-20>
 ***********
 ) 
Here is how much of TeX's memory you used:
 2732 strings out of 474116
 40935 string characters out of 5743681
 1935187 words of memory out of 5000000
 25079 multiletter control sequences out of 15000+600000
 565141 words of font info for 62 fonts, out of 8000000 for 9000
 1141 hyphenation exceptions out of 8191
 57i,7n,65p,959b,248s stack positions out of 10000i,1000n,20000p,200000b,200000s
</usr/local/texlive/2024/texmf-dist/fonts/type1/public/amsfonts/cm/cmbx10.pfb
></usr/local/texlive/2024/texmf-dist/fonts/type1/public/amsfonts/cm/cmbx12.pfb>
</usr/local/texlive/2024/texmf-dist/fonts/type1/public/amsfonts/cm/cmbx9.pfb></
usr/local/texlive/2024/texmf-dist/fonts/type1/public/amsfonts/cm/cmr10.pfb></us
r/local/texlive/2024/texmf-dist/fonts/type1/public/amsfonts/cm/cmr8.pfb></usr/l
ocal/texlive/2024/texmf-dist/fonts/type1/public/amsfonts/cm/cmr9.pfb></usr/loca
l/texlive/2024/texmf-dist/fonts/type1/public/amsfonts/cm/cmti8.pfb></usr/local/
texlive/2024/texmf-dist/fonts/type1/public/amsfonts/cm/cmti9.pfb></usr/local/te
xlive/2024/texmf-dist/fonts/type1/public/amsfonts/cm/cmtt10.pfb></usr/local/tex
live/2024/texmf-dist/fonts/type1/public/cm-super/sfrm1000.pfb>
Output written on SeminarV2.pdf (11 pages, 2040065 bytes).
PDF statistics:
 110 PDF objects out of 1000 (max. 8388607)
 58 compressed objects within 1 object stream
 0 named destinations out of 1000 (max. 500000)
 46 words of extra memory for PDF output out of 10000 (max. 10000000)

